<?xml version="1.0" encoding="UTF-8"?>
<testsuite xmlns:xsi="http://www.w3.org/2001/XMLSchema-instance" xsi:noNamespaceSchemaLocation="https://maven.apache.org/surefire/maven-surefire-plugin/xsd/surefire-test-report-3.0.xsd" version="3.0" name="Important.TestRunner" time="23.266" tests="1" errors="0" skipped="0" failures="1">
  <properties>
[...]
</properties>
  <testcase name="runScenario[&quot;Handle the Cookie&quot;, &quot;Login Feature&quot;](1)" classname="Important.TestRunner" time="0.294">
    <failure message="Cannot invoke &quot;Important.CommonMethods.assertElementIsDisplayed(org.openqa.selenium.By)&quot; because &quot;StepDefinitions.Login.commonMethods&quot; is null" type="java.lang.NullPointerException"><![CDATA[java.lang.NullPointerException: Cannot invoke "Important.CommonMethods.assertElementIsDisplayed(org.openqa.selenium.By)" because "StepDefinitions.Login.commonMethods" is null
	at StepDefinitions.Login.PopUpDisappears(Login.java:59)
	at ✽.Cookie pop-up disappears(file:///Users/sudersonabasu/IdeaProjects/TestFrameworkSeleniumCucumber/src/test/resources/FeatureFiles/Login.feature:6)
]]></failure>
    <system-out><![CDATA[
Scenario: Handle the Cookie                         &amp#27;[90m# src/test/resources/FeatureFiles/Login.feature:3&amp#27;[0m
The element is not displayed.
  &amp#27;[32mGiven &amp#27;[0m&amp#27;[32mBefore you start shopping Cookie is visible&amp#27;[0m &amp#27;[90m# StepDefinitions.Login.CookiePopup()&amp#27;[0m
The element is not displayed.
  &amp#27;[32mWhen &amp#27;[0m&amp#27;[32mUser Clicks on Accept Cookie&amp#27;[0m                 &amp#27;[90m# StepDefinitions.Login.ClickAccept()&amp#27;[0m
  &amp#27;[31mThen &amp#27;[0m&amp#27;[31mCookie pop-up disappears&amp#27;[0m                     &amp#27;[90m# StepDefinitions.Login.PopUpDisappears()&amp#27;[0m
      &amp#27;[31mjava.lang.NullPointerException: Cannot invoke "Important.CommonMethods.assertElementIsDisplayed(org.openqa.selenium.By)" because "StepDefinitions.Login.commonMethods" is null
	at StepDefinitions.Login.PopUpDisappears(Login.java:59)
	at ✽.Cookie pop-up disappears(file:///Users/sudersonabasu/IdeaProjects/TestFrameworkSeleniumCucumber/src/test/resources/FeatureFiles/Login.feature:6)
&amp#27;[0m
]]></system-out>
    <system-err><![CDATA[SLF4J: Failed to load class "org.slf4j.impl.StaticLoggerBinder".
SLF4J: Defaulting to no-operation (NOP) logger implementation
SLF4J: See http://www.slf4j.org/codes.html#StaticLoggerBinder for further details.
1724409644173	geckodriver	INFO	Listening on 127.0.0.1:58330
1724409650009	mozrunner::runner	INFO	Running command: MOZ_CRASHREPORTER="1" MOZ_CRASHREPORTER_NO_REPORT="1" MOZ_CRASHREPORTER_SHUTDOWN="1" MOZ_NO_REMOTE="1" "/App ... s" "localhost" "-foreground" "-no-remote" "-profile" "/var/folders/pd/l3nlxjtx2z3g61ptsf100kqr0000gn/T/rust_mozprofile8ryfLA"
console.warn: services.settings: Ignoring preference override of remote settings server
console.warn: services.settings: Allow by setting MOZ_REMOTE_SETTINGS_DEVTOOLS=1 in the environment
1724409650664	Marionette	INFO	Marionette enabled
console.error: "Warning: unrecognized command line flag" "-remote-allow-hosts"
1724409651299	Marionette	INFO	Listening on port 54288
WebDriver BiDi listening on ws://127.0.0.1:63195
Read port: 54288
2024-08-23 16:10:51.431 plugin-container[31702:1264644] nil host used in call to allowsSpecificHTTPSCertificateForHost
2024-08-23 16:10:51.431 plugin-container[31702:1264644] nil host used in call to allowsAnyHTTPSCertificateForHost:
2024-08-23 16:10:51.441 plugin-container[31702:1264644] nil host used in call to allowsSpecificHTTPSCertificateForHost
2024-08-23 16:10:51.441 plugin-container[31702:1264644] nil host used in call to allowsAnyHTTPSCertificateForHost:
2024-08-23 16:10:51.442 plugin-container[31702:1264649] nil host used in call to allowsSpecificHTTPSCertificateForHost
2024-08-23 16:10:51.442 plugin-container[31702:1264649] nil host used in call to allowsAnyHTTPSCertificateForHost:
1724409651769	RemoteAgent	WARN	TLS certificate errors will be ignored for this session
Aug 23, 2024 4:10:53 PM org.openqa.selenium.remote.ProtocolHandshake createSession
INFO: Detected dialect: W3C
2024-08-23 10:40:53.819 plugin-container[31705:1264793] nil host used in call to allowsSpecificHTTPSCertificateForHost
2024-08-23 10:40:53.819 plugin-container[31705:1264793] nil host used in call to allowsAnyHTTPSCertificateForHost:
2024-08-23 10:40:53.825 plugin-container[31705:1264793] nil host used in call to allowsSpecificHTTPSCertificateForHost
2024-08-23 10:40:53.825 plugin-container[31705:1264793] nil host used in call to allowsAnyHTTPSCertificateForHost:
2024-08-23 10:40:53.826 plugin-container[31705:1264792] nil host used in call to allowsSpecificHTTPSCertificateForHost
2024-08-23 10:40:53.826 plugin-container[31705:1264792] nil host used in call to allowsAnyHTTPSCertificateForHost:
JavaScript error: https://www2.hm.com/en_in/index.html, line 13: SyntaxError: expected expression, got '&'
JavaScript warning: https://www2.hm.com/QeMM/fi-g/qbEga/N37-Q/N1X9czLtEJVw/J00FPXoLAw/Yzs_LV9/ITh8, line 1: unreachable code after return statement
JavaScript warning: https://www2.hm.com/index/_next/static/chunks/main-e2d273f6b920841c.js, line 1: unreachable code after return statement
JavaScript warning: https://www2.hm.com/QeMM/fi-g/qbEga/N37-Q/N1X9czLtEJVw/J00FPXoLAw/Yzs_LV9/ITh8, line 1: WEBGL_debug_renderer_info is deprecated in Firefox and will be removed. Please use RENDERER.
JavaScript warning: https://www2.hm.com/QeMM/fi-g/qbEga/N37-Q/N1X9czLtEJVw/J00FPXoLAw/Yzs_LV9/ITh8, line 1: WEBGL_debug_renderer_info is deprecated in Firefox and will be removed. Please use RENDERER.
JavaScript warning: https://www2.hm.com/QeMM/fi-g/qbEga/N37-Q/N1X9czLtEJVw/J00FPXoLAw/Yzs_LV9/ITh8, line 1: WEBGL_debug_renderer_info is deprecated in Firefox and will be removed. Please use RENDERER.
]]></system-err>
  </testcase>
</testsuite>