<?xml version="1.0" encoding="UTF-8"?>
<testng-results ignored="0" total="1" passed="0" failed="1" skipped="0">
  <reporter-output>
  </reporter-output>
  <suite started-at="2024-08-23T16:10:40 IST" name="Surefire suite" finished-at="2024-08-23T16:10:57 IST" duration-ms="17578">
    <groups>
      <group name="cucumber">
        <method signature="AbstractTestNGCucumberTests.runScenario(io.cucumber.testng.PickleWrapper,io.cucumber.testng.FeatureWrapper)[pri:0, instance:Important.TestRunner@290d210d]" name="runScenario" class="io.cucumber.testng.AbstractTestNGCucumberTests"/>
      </group> <!-- cucumber -->
    </groups>
    <test started-at="2024-08-23T16:10:40 IST" name="Surefire test" finished-at="2024-08-23T16:10:57 IST" duration-ms="17578">
      <class name="Important.TestRunner">
        <test-method is-config="true" signature="setUpClass(org.testng.ITestContext)[pri:0, instance:Important.TestRunner@290d210d]" started-at="2024-08-23T16:10:40 IST" name="setUpClass" finished-at="2024-08-23T16:10:42 IST" duration-ms="2010" status="PASS">
          <params>
            <param index="0">
              <value>
                <![CDATA[org.testng.TestRunner@76db540e]]>
              </value>
            </param>
          </params>
          <reporter-output>
          </reporter-output>
        </test-method> <!-- setUpClass -->
        <test-method is-config="true" signature="setUp()[pri:0, instance:Important.TestRunner@290d210d]" started-at="2024-08-23T16:10:42 IST" name="setUp" finished-at="2024-08-23T16:10:57 IST" duration-ms="15130" status="PASS">
          <reporter-output>
          </reporter-output>
        </test-method> <!-- setUp -->
        <test-method signature="runScenario(io.cucumber.testng.PickleWrapper,io.cucumber.testng.FeatureWrapper)[pri:0, instance:Important.TestRunner@290d210d]" started-at="2024-08-23T16:10:57 IST" name="runScenario" description="Runs Cucumber Scenarios" data-provider="scenarios" finished-at="2024-08-23T16:10:57 IST" duration-ms="283" status="FAIL">
          <params>
            <param index="0">
              <value>
                <![CDATA["Handle the Cookie"]]>
              </value>
            </param>
            <param index="1">
              <value>
                <![CDATA["Login Feature"]]>
              </value>
            </param>
          </params>
          <exception class="java.lang.NullPointerException">
            <message>
              <![CDATA[Cannot invoke "Important.CommonMethods.assertElementIsDisplayed(org.openqa.selenium.By)" because "StepDefinitions.Login.commonMethods" is null]]>
            </message>
            <full-stacktrace>
              <![CDATA[java.lang.NullPointerException: Cannot invoke "Important.CommonMethods.assertElementIsDisplayed(org.openqa.selenium.By)" because "StepDefinitions.Login.commonMethods" is null
at StepDefinitions.Login.PopUpDisappears(Login.java:59)
at ✽.Cookie pop-up disappears(file:///Users/sudersonabasu/IdeaProjects/TestFrameworkSeleniumCucumber/src/test/resources/FeatureFiles/Login.feature:6)
]]>
            </full-stacktrace>
          </exception> <!-- java.lang.NullPointerException -->
          <reporter-output>
          </reporter-output>
        </test-method> <!-- runScenario -->
        <test-method is-config="true" signature="tearDown()[pri:0, instance:Important.TestRunner@290d210d]" started-at="2024-08-23T16:10:57 IST" name="tearDown" finished-at="2024-08-23T16:10:57 IST" duration-ms="1" status="PASS">
          <reporter-output>
          </reporter-output>
        </test-method> <!-- tearDown -->
        <test-method is-config="true" signature="tearDownClass()[pri:0, instance:Important.TestRunner@290d210d]" started-at="2024-08-23T16:10:57 IST" name="tearDownClass" finished-at="2024-08-23T16:10:57 IST" duration-ms="89" status="PASS">
          <reporter-output>
          </reporter-output>
        </test-method> <!-- tearDownClass -->
      </class> <!-- Important.TestRunner -->
    </test> <!-- Surefire test -->
  </suite> <!-- Surefire suite -->
</testng-results>
